{"C:\\Users\\antalszabo\\VSProjects\\xpfarm\\xpfarm-shortest-word\\src\\findShort.js": {"path":"C:\\Users\\antalszabo\\VSProjects\\xpfarm\\xpfarm-shortest-word\\src\\findShort.js","statementMap":{"0":{"start":{"line":2,"column":2},"end":{"line":7,"column":3}},"1":{"start":{"line":3,"column":4},"end":{"line":3,"column":20}},"2":{"start":{"line":6,"column":4},"end":{"line":6,"column":68}},"3":{"start":{"line":10,"column":0},"end":{"line":10,"column":27}}},"fnMap":{"0":{"name":"findShort","decl":{"start":{"line":1,"column":9},"end":{"line":1,"column":18}},"loc":{"start":{"line":1,"column":22},"end":{"line":8,"column":1}},"line":1}},"branchMap":{"0":{"loc":{"start":{"line":2,"column":2},"end":{"line":7,"column":3}},"type":"if","locations":[{"start":{"line":2,"column":2},"end":{"line":7,"column":3}},{"start":{"line":5,"column":7},"end":{"line":7,"column":3}}],"line":2}},"s":{"0":7,"1":3,"2":4,"3":1},"f":{"0":7},"b":{"0":[3,4]},"_coverageSchema":"1a1c01bbd47fc00a2c39e90264f33305004495a9","hash":"983d8584dc2f6ac0cd91162dc67ae6a7bfd6727e"}
}
