{"C:\\Users\\antalszabo\\VSProjects\\xpfarm\\xpfarm-shortest-word\\src\\findShort.js": {"path":"C:\\Users\\antalszabo\\VSProjects\\xpfarm\\xpfarm-shortest-word\\src\\findShort.js","statementMap":{"0":{"start":{"line":2,"column":2},"end":{"line":2,"column":11}},"1":{"start":{"line":5,"column":0},"end":{"line":5,"column":27}}},"fnMap":{"0":{"name":"findShort","decl":{"start":{"line":1,"column":9},"end":{"line":1,"column":18}},"loc":{"start":{"line":1,"column":21},"end":{"line":3,"column":1}},"line":1}},"branchMap":{},"s":{"0":2,"1":1},"f":{"0":2},"b":{},"_coverageSchema":"1a1c01bbd47fc00a2c39e90264f33305004495a9","hash":"aeadfde2851946d139d9ad6323ee42b6ceced119"}
}
